#
# There is insufficient memory for the Java Runtime Environment to continue.
# Native memory allocation (malloc) failed to allocate 1048576 bytes for AllocateHeap
# Possible reasons:
#   The system is out of physical RAM or swap space
#   In 32 bit mode, the process size limit was hit
# Possible solutions:
#   Reduce memory load on the system
#   Increase physical memory or swap space
#   Check if swap backing store is full
#   Use 64 bit Java on a 64 bit OS
#   Decrease Java heap size (-Xmx/-Xms)
#   Decrease number of Java threads
#   Decrease Java thread stack sizes (-Xss)
#   Set larger code cache with -XX:ReservedCodeCacheSize=
# This output file may be truncated or incomplete.
#
#  Out of Memory Error (memory/allocation.inline.hpp:61), pid=10148, tid=0x0000000000007f00
#
# JRE version:  (8.0_152-b06) (build )
# Java VM: OpenJDK 64-Bit Server VM (25.152-b06 mixed mode windows-amd64 compressed oops)
# Failed to write core dump. Minidumps are not enabled by default on client versions of Windows
#

---------------  T H R E A D  ---------------

Current thread (0x00000000024ce000):  JavaThread "Unknown thread" [_thread_in_vm, id=32512, stack(0x0000000002510000,0x0000000002610000)]

Stack: [0x0000000002510000,0x0000000002610000]
[error occurred during error reporting (printing stack bounds), id 0xc0000005]

Native frames: (J=compiled Java code, j=interpreted, Vv=VM code, C=native code)


---------------  P R O C E S S  ---------------

Java Threads: ( => current thread )

Other Threads:

=>0x00000000024ce000 (exited) JavaThread "Unknown thread" [_thread_in_vm, id=32512, stack(0x0000000002510000,0x0000000002610000)]

VM state:not at safepoint (normal execution)

VM Mutex/Monitor currently owned by a thread: None

Heap:
 PSYoungGen      total 18944K, used 327K [0x00000000feb00000, 0x0000000100000000, 0x0000000100000000)
  eden space 16384K, 2% used [0x00000000feb00000,0x00000000feb51ec8,0x00000000ffb00000)
  from space 2560K, 0% used [0x00000000ffd80000,0x00000000ffd80000,0x0000000100000000)
  to   space 2560K, 0% used [0x00000000ffb00000,0x00000000ffb00000,0x00000000ffd80000)
 ParOldGen       total 44032K, used 0K [0x00000000fc000000, 0x00000000feb00000, 0x00000000feb00000)
  object space 44032K, 0% used [0x00000000fc000000,0x00000000fc000000,0x00000000feb00000)
 Metaspace       used 772K, capacity 4480K, committed 4480K, reserved 1056768K
  class space    used 73K, capacity 384K, committed 384K, reserved 1048576K

Card table byte_map: [0x0000000002610000,0x0000000002640000] byte_map_base: 0x0000000001e30000

Marking Bits: (ParMarkBitMap*) 0x00000000685a5aa0
 Begin Bits: [0x0000000012670000, 0x0000000012770000)
 End Bits:   [0x0000000012770000, 0x0000000012870000)

Polling page: 0x0000000000d50000

CodeCache: size=245760Kb used=328Kb max_used=328Kb free=245431Kb
 bounds [0x0000000002a90000, 0x0000000002d00000, 0x0000000011a90000]
 total_blobs=57 nmethods=0 adapters=38
 compilation: enabled

Compilation events (0 events):
No events

GC Heap History (0 events):
No events

Deoptimization events (0 events):
No events

Classes redefined (0 events):
No events

Internal exceptions (0 events):
No events

Events (10 events):
Event: 0.102 loading class java/lang/Short
Event: 0.102 loading class java/lang/Short done
Event: 0.102 loading class java/lang/Integer
Event: 0.102 loading class java/lang/Integer done
Event: 0.102 loading class java/lang/Long
Event: 0.102 loading class java/lang/Long done
Event: 0.105 loading class java/lang/NullPointerException
Event: 0.105 loading class java/lang/NullPointerException done
Event: 0.105 loading class java/lang/ArithmeticException
Event: 0.105 loading class java/lang/ArithmeticException done


Dynamic libraries:
0x00007ff736360000 - 0x00007ff736391000 	D:\Android\android-studio\jre\bin\java.exe
0x00007ff98ba60000 - 0x00007ff98bc32000 	C:\windows\SYSTEM32\ntdll.dll
0x00007ff98aed0000 - 0x00007ff98af7c000 	C:\windows\System32\KERNEL32.DLL
0x00007ff987fc0000 - 0x00007ff9881dd000 	C:\windows\System32\KERNELBASE.dll
0x00007ff98a740000 - 0x00007ff98a7e2000 	C:\windows\System32\ADVAPI32.dll
0x00007ff98b450000 - 0x00007ff98b4ee000 	C:\windows\System32\msvcrt.dll
0x00007ff98a500000 - 0x00007ff98a559000 	C:\windows\System32\sechost.dll
0x00007ff98b1c0000 - 0x00007ff98b2e1000 	C:\windows\System32\RPCRT4.dll
0x00007ff98ac20000 - 0x00007ff98ad85000 	C:\windows\System32\USER32.dll
0x00007ff988f60000 - 0x00007ff988f7e000 	C:\windows\System32\win32u.dll
0x00007ff98a560000 - 0x00007ff98a594000 	C:\windows\System32\GDI32.dll
0x00007ff988de0000 - 0x00007ff988f60000 	C:\windows\System32\gdi32full.dll
0x00007ff97b550000 - 0x00007ff97b7ca000 	C:\windows\WinSxS\amd64_microsoft.windows.common-controls_6595b64144ccf1df_6.0.14393.953_none_42151e83c686086b\COMCTL32.dll
0x00007ff98a8b0000 - 0x00007ff98ab78000 	C:\windows\System32\combase.dll
0x00007ff9883b0000 - 0x00007ff9884a5000 	C:\windows\System32\ucrtbase.dll
0x00007ff988f80000 - 0x00007ff988fea000 	C:\windows\System32\bcryptPrimitives.dll
0x00007ff98b420000 - 0x00007ff98b44e000 	C:\windows\System32\IMM32.DLL
0x0000000066940000 - 0x0000000066a12000 	D:\Android\android-studio\jre\jre\bin\msvcr100.dll
0x0000000067de0000 - 0x0000000068621000 	D:\Android\android-studio\jre\jre\bin\server\jvm.dll
0x00007ff98aec0000 - 0x00007ff98aec8000 	C:\windows\System32\PSAPI.DLL
0x00007ff978c60000 - 0x00007ff978c69000 	C:\windows\SYSTEM32\WSOCK32.dll
0x00007ff985a70000 - 0x00007ff985a93000 	C:\windows\SYSTEM32\WINMM.dll
0x00007ff98ad90000 - 0x00007ff98adfa000 	C:\windows\System32\WS2_32.dll
0x00007ff987b70000 - 0x00007ff987b7a000 	C:\windows\SYSTEM32\VERSION.dll
0x00007ff985a10000 - 0x00007ff985a3b000 	C:\windows\SYSTEM32\WINMMBASE.dll
0x00007ff988ce0000 - 0x00007ff988d22000 	C:\windows\System32\cfgmgr32.dll
0x00007ff97f700000 - 0x00007ff97f70f000 	D:\Android\android-studio\jre\jre\bin\verify.dll
0x00007ff979390000 - 0x00007ff9793b9000 	D:\Android\android-studio\jre\jre\bin\java.dll
0x00007ff97a6d0000 - 0x00007ff97a6e6000 	D:\Android\android-studio\jre\jre\bin\zip.dll

VM Arguments:
jvm_args: -Djava.awt.headless=true -Xmx64M -Dfile.encoding=GBK -Duser.country=CN -Duser.language=zh -Duser.variant 
java_command: com.google.devtools.build.android.desugar.Desugar @D:\face_app\app\build\intermediates\tmp\desugar_args4807632834019757205
java_class_path (initial): C:\Users\ADMINI~1\AppData\Local\Temp\desugar_deploy.jar2534960687748691040
Launcher Type: SUN_STANDARD

Environment Variables:
PATH=C:\WebStormEnv\nodejs\;C:\Python\Python37;C:\Python\Python37\Scripts;D:\Program Files\NodeJs;C:\Program Files (x86)\Borland\Delphi7\Bin;C:\Program Files (x86)\Borland\Delphi7\Projects\Bpl\;C:\windows\system32;C:\windows;C:\windows\System32\Wbem;C:\windows\System32\WindowsPowerShell\v1.0\;C:\Program Files (x86)\Microsoft SQL Server\90\Tools\binn\;C:\Program Files (x86)\Microsoft SQL Server\100\Tools\Binn\VSShell\Common7\IDE\;C:\Program Files (x86)\Microsoft SQL Server\100\Tools\Binn\;C:\Program Files\Microsoft SQL Server\100\Tools\Binn\;C:\Program Files (x86)\Microsoft SQL Server\100\DTS\Binn\;C:\Program Files\Intel\WiFi\bin\;C:\Program Files\Common Files\Intel\WirelessCommon\;C:\Users\Administrator\AppData\Local\Microsoft\WindowsApps;C:\Program Files\Intel\WiFi\bin\;C:\Program Files\Common Files\Intel\WirelessCommon\;C:\Users\Administrator\AppData\Roaming\npm;D:\AppServ\Apache2.2\bin;D:\AppServ\php5
USERNAME=Administrator
OS=Windows_NT
PROCESSOR_IDENTIFIER=Intel64 Family 6 Model 60 Stepping 3, GenuineIntel



---------------  S Y S T E M  ---------------

OS: Windows 10.0 , 64 bit Build 14393 (10.0.14393.1198)

CPU:total 8 (initial active 8) (4 cores per cpu, 2 threads per core) family 6 model 60 stepping 3, cmov, cx8, fxsr, mmx, sse, sse2, sse3, ssse3, sse4.1, sse4.2, popcnt, avx, avx2, aes, clmul, erms, lzcnt, ht, tsc, tscinvbit, bmi1, bmi2

Memory: 4k page, physical 16682312k(3621248k free), swap 21802312k(3468k free)

vm_info: OpenJDK 64-Bit Server VM (25.152-b06) for windows-amd64 JRE (1.8.0_152-release-1136-b06), built by "builder" with MS VC++ 10.0 (VS2010)

time: Tue Sep 14 20:21:21 2021
elapsed time: 0 seconds (0d 0h 0m 0s)

